make all --print-data-base --no-builtin-variables --no-builtin-rules --question
# GNU Make 4.2.1
# Built for x86_64-pc-linux-gnu
# Copyright (C) 1988-2016 Free Software Foundation, Inc.
# License GPLv3+: GNU GPL version 3 or later <http://gnu.org/licenses/gpl.html>
# This is free software: you are free to change and redistribute it.
# There is NO WARRANTY, to the extent permitted by law.

# Make data base, printed on Sat May 28 08:59:27 2022

# Variables

# 'override' directive
GNUMAKEFLAGS := 
# automatic
<D = $(patsubst %/,%,$(dir $<))
# automatic
?F = $(notdir $?)
# environment
DESKTOP_SESSION = ubuntu
# default
.SHELLFLAGS := -c
# makefile (from 'Makefile', line 15)
OBJ = $(SRC:.cpp=.o)
# environment
XDG_SESSION_CLASS = user
# makefile (from 'Makefile', line 14)
SRC = $(wildcard src/**/*.cpp) $(wildcard src/*.cpp)
# environment
XDG_SESSION_TYPE = x11
# environment
VSCODE_LOG_NATIVE = false
# automatic
?D = $(patsubst %/,%,$(dir $?))
# environment
IM_CONFIG_PHASE = 1
# automatic
@D = $(patsubst %/,%,$(dir $@))
# environment
XAUTHORITY = /run/user/1000/gdm/Xauthority
# environment
GDMSESSION = ubuntu
# environment
XMODIFIERS = @im=ibus
# makefile
CURDIR := /home/subhadeep19/bruh/emulator_prac
# makefile
SHELL = /bin/sh
# makefile (from 'Makefile', line 16)
BIN = bin
# environment
VSCODE_NLS_CONFIG = {"locale":"en-gb","availableLanguages":{},"_languagePackSupport":true}
# environment
_ = /usr/bin/dbus-update-activation-environment
# makefile (from 'Makefile', line 5)
CFLAGS = -std=c++17 -O3 -g -Wall -Wextra -Wpedantic -Wstrict-aliasing -Iinclude
# environment
JOURNAL_STREAM = 8:51162
# environment
XDG_CONFIG_DIRS = /etc/xdg/xdg-ubuntu:/etc/xdg
# makefile (from 'Makefile', line 1)
MAKEFILE_LIST :=  Makefile
# automatic
@F = $(notdir $@)
# environment
GIO_LAUNCHED_DESKTOP_FILE = /usr/share/applications/code.desktop
# environment
OMF_PATH = /home/subhadeep19/.local/share/omf
# environment
USERNAME = subhadeep19
# environment
MANDATORY_PATH = /usr/share/gconf/ubuntu.mandatory.path
# environment
XDG_DATA_DIRS = /usr/share/ubuntu:/usr/local/share/:/usr/share/:/var/lib/snapd/desktop
# environment
DBUS_SESSION_BUS_ADDRESS = unix:path=/run/user/1000/bus
# environment
VSCODE_VERBOSE_LOGGING = true
# environment
MANAGERPID = 1776
# environment
VSCODE_IPC_HOOK_EXTHOST = /run/user/1000/vscode-ipc-889181da-d740-4bf0-a173-36c2c1dcfcd7.sock
# environment
VSCODE_CWD = /home/subhadeep19
# default
MAKE_HOST := x86_64-pc-linux-gnu
# environment
PATH = /home/subhadeep19/.local/bin:/usr/local/sbin:/usr/local/bin:/usr/sbin:/usr/bin:/sbin:/bin:/usr/games:/usr/local/games:/snap/bin
# environment
GPG_AGENT_INFO = /run/user/1000/gnupg/S.gpg-agent:0:1
# environment
SESSION_MANAGER = local/HackTop:@/tmp/.ICE-unix/1993,unix/HackTop:/tmp/.ICE-unix/1993
# environment
XDG_RUNTIME_DIR = /run/user/1000
# environment
XDG_MENU_PREFIX = gnome-
# environment
VSCODE_LOG_STACK = false
# environment
ELECTRON_RUN_AS_NODE = 1
# environment
INVOCATION_ID = 970c875ba3994d468d24efa9d5f42063
# makefile (from 'Makefile', line 12)
LDFLAGS = -Llib/ -lglfw3 -lGL -lX11 -lXxf86vm -lXrandr -pthread -lXi -ldl
# default
.FEATURES := target-specific order-only second-expansion else-if shortest-stem undefine oneshell archives jobserver output-sync check-symlink load
# environment
XDG_SESSION_DESKTOP = ubuntu
# environment
SSH_AUTH_SOCK = /run/user/1000/keyring/ssh
# environment
GIO_LAUNCHED_DESKTOP_FILE_PID = 2486
# automatic
%F = $(notdir $%)
# environment
DISPLAY = :0
# environment
VSCODE_PIPE_LOGGING = true
# environment
PWD = /home/subhadeep19/bruh/emulator_prac
# default
.LOADED := 
# environment
SSH_AGENT_PID = 1955
# environment
ORIGINAL_XDG_CURRENT_DESKTOP = ubuntu:GNOME
# environment
GTK_MODULES = gail:atk-bridge
# environment
VSCODE_AMD_ENTRYPOINT = vs/workbench/api/node/extensionHostProcess
# environment
HOME = /home/subhadeep19
# environment
VSCODE_CODE_CACHE_PATH = /home/subhadeep19/.config/Code/CachedData/57fd6d0195bb9b9d1b49f6da5db789060795de47
# environment
LOGNAME = subhadeep19
# environment
APPLICATION_INSIGHTS_NO_DIAGNOSTIC_CHANNEL = 1
# environment
VSCODE_HANDLES_UNCAUGHT_ERRORS = true
# environment
GNOME_DESKTOP_SESSION_ID = this-is-deprecated
# automatic
^D = $(patsubst %/,%,$(dir $^))
# environment
MAKELEVEL := 0
# default
MAKE = $(MAKE_COMMAND)
# default
MAKECMDGOALS := all
# environment
QT_IM_MODULE = ibus
# environment
SHLVL = 1
# makefile (from 'Makefile', line 1)
CC = g++
# environment
GNOME_SHELL_SESSION_MODE = ubuntu
# default
MAKE_VERSION := 4.2.1
# environment
USER = subhadeep19
# makefile
.DEFAULT_GOAL := all
# environment
XDG_CURRENT_DESKTOP = Unity
# environment
OMF_CONFIG = /home/subhadeep19/.config/omf
# environment
LIBVIRT_DEFAULT_URI = qemu:///system
# automatic
%D = $(patsubst %/,%,$(dir $%))
# default
MAKE_COMMAND := make
# default
.VARIABLES := 
# automatic
*F = $(notdir $*)
# environment
LANGUAGE = en_IN:en
# environment
VSCODE_IPC_HOOK = /run/user/1000/vscode-480886ef-1.67.0-main.sock
# makefile
MAKEFLAGS = pqrR
# environment
MFLAGS = -pqrR
# automatic
*D = $(patsubst %/,%,$(dir $*))
# automatic
+D = $(patsubst %/,%,$(dir $+))
# environment
GDK_BACKEND = x11
# automatic
+F = $(notdir $+)
# environment
QT_ACCESSIBILITY = 1
# environment
DEFAULTS_PATH = /usr/share/gconf/ubuntu.default.path
# default
MAKEFILES := 
# automatic
<F = $(notdir $<)
# environment
LC_ALL = C
# makefile (from 'Makefile', line 6)
HEADER = $(wildcard include/*.hpp) $(wildcard include/**/*.hpp)
# environment
GJS_DEBUG_TOPICS = JS ERROR;JS LOG
# automatic
^F = $(notdir $^)
# default
SUFFIXES := 
# environment
CHROME_DESKTOP = code-url-handler.desktop
# environment
WINDOWPATH = 2
# default
.INCLUDE_DIRS = /usr/include /usr/local/include /usr/include
# environment
GJS_DEBUG_OUTPUT = stderr
# default
.RECIPEPREFIX := 
# environment
LANG = C
# environment
VSCODE_PID = 2486
# variable set hash-table stats:
# Load=107/1024=10%, Rehash=0, Collisions=14/141=10%

# Pattern-specific Variable Values

# No pattern-specific variable values.

# Directories

# include/imstb_rectpack.h (device 66306, inode 4729705): could not be opened.
# src/GUI (device 66306, inode 4734996): 18 files, no impossibilities.
# include/Window.h (device 66306, inode 4723187): could not be opened.
# include/makeShaders.h (device 66306, inode 4723184): could not be opened.
# src/Graphics (device 66306, inode 4735006): 13 files, no impossibilities.
# include (device 66306, inode 4734987): 21 files, no impossibilities.
# src/Physics (device 66306, inode 4734985): 2 files, no impossibilities.
# . (device 66306, inode 4734986): 12 files, no impossibilities.
# include/KHR (device 66306, inode 4735378): 3 files, no impossibilities.
# src/glad.o (device 66306, inode 4718721): could not be opened.
# include/Graphics.hpp (device 66306, inode 4722892): could not be opened.
# include/imgui_internal.h (device 66306, inode 4729704): could not be opened.
# include/imgui_impl_glfw.h (device 66306, inode 4729689): could not be opened.
# src/glad.cpp (device 66306, inode 4722925): could not be opened.
# include/imgui.h (device 66306, inode 4729699): could not be opened.
# include/glad (device 66306, inode 4735377): 3 files, no impossibilities.
# include/imconfig.h (device 66306, inode 4729701): could not be opened.
# include/GLFW (device 66306, inode 4735373): 4 files, no impossibilities.
# include/MainGUI.h (device 66306, inode 4729720): could not be opened.
# src/main.o (device 66306, inode 4718724): could not be opened.
# include/glm (device 66306, inode 4735057): 31 files, no impossibilities.
# src (device 66306, inode 4734999): 9 files, no impossibilities.
# include/imgui_impl_opengl3.h (device 66306, inode 4729686): could not be opened.
# include/imgui_impl_opengl3_loader.h (device 66306, inode 4729702): could not be opened.
# include/Buffers.h (device 66306, inode 4719376): could not be opened.
# include/imstb_textedit.h (device 66306, inode 4729706): could not be opened.
# src/main.cpp (device 66306, inode 4718725): could not be opened.
# include/Renderer.h (device 66306, inode 4729685): could not be opened.
# include/imstb_truetype.h (device 66306, inode 4729707): could not be opened.

# 116 files, no impossibilities in 29 directories.

# Implicit Rules

%.o: %.cpp include/Graphics.hpp include/glm/common.hpp include/glm/packing.hpp include/glm/matrix.hpp include/glm/mat4x4.hpp include/glm/mat4x2.hpp include/glm/glm.hpp include/glm/mat2x2.hpp include/glm/vec4.hpp include/glm/mat3x4.hpp include/glm/ext.hpp include/glm/mat2x3.hpp include/glm/vec2.hpp include/glm/fwd.hpp include/glm/vec3.hpp include/glm/mat3x2.hpp include/glm/geometric.hpp include/glm/exponential.hpp include/glm/trigonometric.hpp include/glm/integer.hpp include/glm/vector_relational.hpp include/glm/mat3x3.hpp include/glm/mat4x3.hpp include/glm/mat2x4.hpp
#  recipe to execute (from 'Makefile', line 32):
	$(CC) -o $@ -c $< $(CFLAGS)

# 1 implicit rules, 0 (0.0%) terminal.

# Files

# Not a target:
src/main.o:
#  Implicit rule search has not been done.
 
#  Modification time never checked.
#  File has not been updated.

# Not a target:
src/glad.o:
#  Implicit rule search has not been done.
#  Modification time never checked.
#  File has not been updated.

# Not a target:
src/GUI/imgui_widgets.o:
#  Implicit rule search has not been done.
#  Modification time never checked.
#  File has not been updated.

all: dirs game
#  Phony target (prerequisite of .PHONY).
#  Command line target.
#  Implicit rule search has not been done.
#  File does not exist.
#  File has been updated.
#  Needs to be updated (-q is set).
# variable set hash-table stats:
# Load=0/32=0%, Rehash=0, Collisions=0/4=0%

# Not a target:
src/GUI/imgui_draw.o:
#  Implicit rule search has not been done.
#  Modification time never checked.
#  File has not been updated.

.PHONY: all clean
#  Implicit rule search has not been done.
#  Modification time never checked.
#  File has not been updated.

# Not a target:
src/GUI/imgui_tables.o:
#  Implicit rule search has not been done.
#  Modification time never checked.
#  File has not been updated.

# Not a target:
src/GUI/MainGUI.o:
#  Implicit rule search has not been done.
#  Modification time never checked.
#  File has not been updated.

# Not a target:
.SUFFIXES:
#  Implicit rule search has not been done.
#  Modification time never checked.
#  File has not been updated.

# Not a target:
Makefile:
#  Implicit rule search has been done.
#  Last modified 2022-05-26 12:57:00.044364761
#  File has been updated.
#  Successfully updated.

dirs:
#  Implicit rule search has not been done.
#  Implicit/static pattern stem: ''
#  File does not exist.
#  File has been updated.
#  Needs to be updated (-q is set).
# automatic
# @ := dirs
# automatic
# % := 
# automatic
# * := 
# automatic
# + := 
# automatic
# | := 
# automatic
# < := 
# automatic
# ^ := 
# automatic
# ? := 
# variable set hash-table stats:
# Load=8/32=25%, Rehash=0, Collisions=1/12=8%
#  recipe to execute (from 'Makefile', line 23):
	mkdir -p ./$(BIN)

# Not a target:
src/Graphics/Renderer.o:
#  Implicit rule search has not been done.
#  Modification time never checked.
#  File has not been updated.

# Not a target:
src/Graphics/Window.o:
#  Implicit rule search has not been done.
#  Modification time never checked.
#  File has not been updated.

# Not a target:
src/GUI/imgui_demo.o:
#  Implicit rule search has not been done.
#  Modification time never checked.
#  File has not been updated.

# Not a target:
src/Graphics/Graphics.o:
#  Implicit rule search has not been done.
#  Modification time never checked.
#  File has not been updated.

# Not a target:
.DEFAULT:
#  Implicit rule search has not been done.
#  Modification time never checked.
#  File has not been updated.

run: all
#  Implicit rule search has not been done.
#  Modification time never checked.
#  File has not been updated.
#  recipe to execute (from 'Makefile', line 26):
	$(BIN)/prog

clean:
#  Phony target (prerequisite of .PHONY).
#  Implicit rule search has not been done.
#  File does not exist.
#  File has not been updated.
#  recipe to execute (from 'Makefile', line 35):
	rm -rf $(BIN) $(OBJ)

# Not a target:
src/GUI/imgui_impl_opengl3.o:
#  Implicit rule search has not been done.
#  Modification time never checked.
#  File has not been updated.

game: src/Graphics/Graphics.o src/Graphics/Renderer.o src/Graphics/makeShaders.o src/Graphics/Buffers.o src/Graphics/Window.o src/GUI/imgui_draw.o src/GUI/imgui_impl_opengl3.o src/GUI/imgui_widgets.o src/GUI/MainGUI.o src/GUI/imgui_tables.o src/GUI/imgui.o src/GUI/imgui_demo.o src/GUI/imgui_impl_glfw.o src/glad.o src/main.o
#  Implicit rule search has not been done.
#  Modification time never checked.
#  File has not been updated.
#  recipe to execute (from 'Makefile', line 29):
	$(CC) -o $(BIN)/prog $^ $(LDFLAGS)

# Not a target:
src/Graphics/makeShaders.o:
#  Implicit rule search has not been done.
#  Modification time never checked.
#  File has not been updated.

# Not a target:
src/GUI/imgui_impl_glfw.o:
#  Implicit rule search has not been done.
#  Modification time never checked.
#  File has not been updated.

# Not a target:
src/GUI/imgui.o:
#  Implicit rule search has not been done.
#  Modification time never checked.
#  File has not been updated.

# Not a target:
src/Graphics/Buffers.o:
#  Implicit rule search has not been done.
#  Modification time never checked.
#  File has not been updated.

# files hash-table stats:
# Load=24/1024=2%, Rehash=0, Collisions=2/59=3%
# VPATH Search Paths

# No 'vpath' search paths.

# No general ('VPATH' variable) search path.

# strcache buffers: 1 (0) / strings = 172 / storage = 2488 B / avg = 14 B
# current buf: size = 8162 B / used = 2488 B / count = 172 / avg = 14 B

# strcache performance: lookups = 212 / hit rate = 18%
# hash-table stats:
# Load=172/8192=2%, Rehash=0, Collisions=15/212=7%
# Finished Make data base on Sat May 28 08:59:27 2022

 
